<?xml version="1.0" encoding="UTF-8"?>
<testng-results ignored="0" total="1" passed="1" failed="0" skipped="0">
  <reporter-output>
  </reporter-output>
  <suite started-at="2020-06-10T16:09:32 IST" name="Default suite" finished-at="2020-06-10T16:09:37 IST" duration-ms="5249">
    <groups>
    </groups>
    <test started-at="2020-06-10T16:09:32 IST" name="Default test" finished-at="2020-06-10T16:09:37 IST" duration-ms="5249">
      <class name="com.qa.test.PostAPITest">
        <test-method is-config="true" signature="setup()[pri:0, instance:com.qa.test.PostAPITest@223f3642]" started-at="2020-06-10T16:09:32 IST" name="setup" finished-at="2020-06-10T16:09:32 IST" duration-ms="9" status="PASS">
          <reporter-output>
          </reporter-output>
        </test-method> <!-- setup -->
        <test-method signature="postTest()[pri:0, instance:com.qa.test.PostAPITest@223f3642]" started-at="2020-06-10T16:09:32 IST" name="postTest" finished-at="2020-06-10T16:09:37 IST" duration-ms="5094" status="PASS">
          <reporter-output>
          </reporter-output>
        </test-method> <!-- postTest -->
      </class> <!-- com.qa.test.PostAPITest -->
    </test> <!-- Default test -->
  </suite> <!-- Default suite -->
</testng-results>
